2017-10-31T23:11:51+00:00 CRITICAL Maximum execution time of 30 seconds exceeded

2017-11-01T23:12:03+00:00 CRITICAL Allowed memory size of 268435456 bytes exhausted (tried to allocate 1048577 bytes)

2017-11-03T02:13:51+00:00 CRITICAL Maximum execution time of 30 seconds exceeded

2017-11-08T23:12:06+00:00 CRITICAL Maximum execution time of 30 seconds exceeded

2017-11-09T23:11:19+00:00 CRITICAL Allowed memory size of 268435456 bytes exhausted (tried to allocate 1048577 bytes)

2017-11-16T23:11:25+00:00 CRITICAL Maximum execution time of 30 seconds exceeded

2017-11-17T23:12:13+00:00 CRITICAL Allowed memory size of 268435456 bytes exhausted (tried to allocate 1048577 bytes)

2017-11-24T23:11:52+00:00 CRITICAL Maximum execution time of 30 seconds exceeded

2017-11-25T23:11:30+00:00 CRITICAL Allowed memory size of 268435456 bytes exhausted (tried to allocate 1048577 bytes)

2017-12-02T23:11:51+00:00 CRITICAL Maximum execution time of 30 seconds exceeded

2017-12-03T14:17:09+00:00 CRITICAL Maximum execution time of 30 seconds exceeded

2017-12-03T23:12:03+00:00 CRITICAL Allowed memory size of 268435456 bytes exhausted (tried to allocate 1048577 bytes)

2017-12-10T23:13:00+00:00 CRITICAL Maximum execution time of 30 seconds exceeded

2017-12-11T23:10:35+00:00 CRITICAL Allowed memory size of 268435456 bytes exhausted (tried to allocate 1048577 bytes)

2017-12-18T23:11:47+00:00 CRITICAL Maximum execution time of 30 seconds exceeded

2017-12-19T23:11:24+00:00 CRITICAL Allowed memory size of 268435456 bytes exhausted (tried to allocate 1048577 bytes)

2017-12-26T23:11:35+00:00 CRITICAL Maximum execution time of 30 seconds exceeded

2017-12-27T23:11:29+00:00 CRITICAL Allowed memory size of 268435456 bytes exhausted (tried to allocate 1048577 bytes)

2018-01-02T23:31:08+00:00 CRITICAL Maximum execution time of 30 seconds exceeded

2018-01-02T23:34:41+00:00 CRITICAL Maximum execution time of 30 seconds exceeded

2018-01-03T02:16:59+00:00 CRITICAL Maximum execution time of 30 seconds exceeded

2018-01-04T23:11:01+00:00 CRITICAL Allowed memory size of 268435456 bytes exhausted (tried to allocate 1048577 bytes)

2018-01-04T23:14:04+00:00 CRITICAL Maximum execution time of 30 seconds exceeded

2018-01-05T23:11:42+00:00 CRITICAL Allowed memory size of 268435456 bytes exhausted (tried to allocate 1048577 bytes)

2018-01-10T23:12:34+00:00 CRITICAL Maximum execution time of 30 seconds exceeded

2018-01-13T23:11:58+00:00 CRITICAL Allowed memory size of 268435456 bytes exhausted (tried to allocate 1048577 bytes)

2018-01-18T23:12:27+00:00 CRITICAL Maximum execution time of 30 seconds exceeded

2018-01-21T23:11:47+00:00 CRITICAL Allowed memory size of 268435456 bytes exhausted (tried to allocate 1048577 bytes)

2018-01-22T19:35:30+00:00 CRITICAL Maximum execution time of 30 seconds exceeded

2018-01-26T23:11:06+00:00 CRITICAL Maximum execution time of 30 seconds exceeded

2018-01-29T23:11:09+00:00 CRITICAL Allowed memory size of 268435456 bytes exhausted (tried to allocate 1048577 bytes)

2018-02-02T14:18:00+00:00 CRITICAL Maximum execution time of 30 seconds exceeded

2018-02-03T23:12:56+00:00 CRITICAL Maximum execution time of 30 seconds exceeded

2018-02-05T17:59:20+00:00 CRITICAL Uncaught exception 'Exception' with message 'Input is in the wrong format.' in /home/workshop/domains/renzogracieportland.com/public_html/wp-content/plugins/gravityformsagilecrm/includes/class-agilecrm-api.php:61
Stack trace:
#0 /home/workshop/domains/renzogracieportland.com/public_html/wp-content/plugins/gravityformsagilecrm/includes/class-agilecrm-api.php(134): AgileCRM_API->make_request('search', Array)
#1 /home/workshop/domains/renzogracieportland.com/public_html/wp-content/plugins/gravityformsagilecrm/class-gf-agilecrm.php(739): AgileCRM_API->search_contacts('')
#2 /home/workshop/domains/renzogracieportland.com/public_html/wp-content/plugins/gravityforms/includes/addon/class-gf-feed-addon.php(306): GFAgileCRM->process_feed(Array, Array, Array)
#3 [internal function]: GFFeedAddOn->maybe_process_feed(Array, Array)
#4 /home/workshop/domains/renzogracieportland.com/public_html/wp-includes/class-wp-hook.php(288): call_user_func_array(Array, Array)
#5 /home/workshop/domains/renzogracieportland.com/public_html/

2018-02-06T23:10:50+00:00 CRITICAL Allowed memory size of 268435456 bytes exhausted (tried to allocate 1048577 bytes)

2018-02-11T23:12:18+00:00 CRITICAL Maximum execution time of 30 seconds exceeded

2018-02-14T23:11:17+00:00 CRITICAL Allowed memory size of 268435456 bytes exhausted (tried to allocate 1048577 bytes)

2018-02-15T00:34:50+00:00 CRITICAL Call to a member function get_product_categories() on null

2018-02-19T23:11:05+00:00 CRITICAL Maximum execution time of 30 seconds exceeded

